\BOOKMARK [1][-]{section.1}{\376\377\000T\000a\000s\000k\000\040\0001\000\040\000-\000\040\000S\000i\000m\000p\000l\000e\000\040\000L\000i\000n\000e\000a\000r\000\040\000R\000e\000g\000r\000e\000s\000s\000i\000o\000n}{}% 1
\BOOKMARK [2][-]{subsection.1.1}{\376\377\000I\000n\000t\000r\000o\000d\000u\000c\000t\000i\000o\000n\000\040\000a\000n\000d\000\040\000T\000h\000e\000o\000r\000e\000t\000i\000c\000a\000l\000\040\000B\000a\000c\000k\000g\000r\000o\000u\000n\000d}{section.1}% 2
\BOOKMARK [2][-]{subsection.1.2}{\376\377\000M\000a\000t\000e\000r\000i\000a\000l\000s\000\040\000a\000n\000d\000\040\000M\000e\000t\000h\000o\000d\000s}{section.1}% 3
\BOOKMARK [3][-]{subsubsection.1.2.1}{\376\377\000L\000a\000n\000g\000u\000a\000g\000e\000s\000\040\000a\000n\000d\000\040\000P\000a\000c\000k\000a\000g\000e\000s}{subsection.1.2}% 4
\BOOKMARK [3][-]{subsubsection.1.2.2}{\376\377\000M\000e\000t\000h\000o\000d\000o\000l\000o\000g\000y}{subsection.1.2}% 5
\BOOKMARK [2][-]{subsection.1.3}{\376\377\000R\000e\000s\000u\000l\000t\000s}{section.1}% 6
\BOOKMARK [2][-]{subsection.1.4}{\376\377\000D\000i\000s\000c\000u\000s\000s\000i\000o\000n}{section.1}% 7
\BOOKMARK [2][-]{subsection.1.5}{\376\377\000F\000i\000g\000u\000r\000e\000s\000\040\000a\000n\000d\000\040\000G\000r\000a\000p\000h\000s}{section.1}% 8
\BOOKMARK [2][-]{subsection.1.6}{\376\377\000A\000p\000p\000e\000n\000d\000i\000x}{section.1}% 9
\BOOKMARK [1][-]{section.2}{\376\377\000T\000a\000s\000k\000\040\0002\000\040\000-\000\040\000P\000o\000l\000y\000n\000o\000m\000i\000a\000l\000\040\000R\000e\000g\000r\000e\000s\000s\000i\000o\000n\000\040\000\046\000\040\000P\000o\000w\000e\000r\000\040\000L\000a\000w\000\040\000F\000i\000t\000t\000i\000n\000g}{}% 10
\BOOKMARK [2][-]{subsection.2.1}{\376\377\000I\000n\000t\000r\000o\000d\000u\000c\000t\000i\000o\000n\000\040\000a\000n\000d\000\040\000T\000h\000e\000o\000r\000e\000t\000i\000c\000a\000l\000\040\000B\000a\000c\000k\000g\000r\000o\000u\000n\000d}{section.2}% 11
\BOOKMARK [2][-]{subsection.2.2}{\376\377\000M\000a\000t\000e\000r\000i\000a\000l\000s\000\040\000a\000n\000d\000\040\000M\000e\000t\000h\000o\000d\000s}{section.2}% 12
\BOOKMARK [3][-]{subsubsection.2.2.1}{\376\377\000L\000a\000n\000g\000u\000a\000g\000e\000s\000\040\000a\000n\000d\000\040\000P\000a\000c\000k\000a\000g\000e\000s}{subsection.2.2}% 13
\BOOKMARK [3][-]{subsubsection.2.2.2}{\376\377\000M\000e\000t\000h\000o\000d\000o\000l\000o\000g\000y}{subsection.2.2}% 14
\BOOKMARK [2][-]{subsection.2.3}{\376\377\000R\000e\000s\000u\000l\000t\000s}{section.2}% 15
\BOOKMARK [2][-]{subsection.2.4}{\376\377\000D\000i\000s\000c\000u\000s\000s\000i\000o\000n}{section.2}% 16
\BOOKMARK [2][-]{subsection.2.5}{\376\377\000F\000i\000g\000u\000r\000e\000s\000\040\000a\000n\000d\000\040\000G\000r\000a\000p\000h\000s}{section.2}% 17
\BOOKMARK [2][-]{subsection.2.6}{\376\377\000A\000p\000p\000e\000n\000d\000i\000x}{section.2}% 18
\BOOKMARK [1][-]{section.3}{\376\377\000T\000a\000s\000k\000\040\0003\000\040\000-\000\040\000E\000x\000p\000o\000n\000e\000n\000t\000i\000a\000l\000\040\000C\000u\000r\000v\000e\000\040\000F\000i\000t\000t\000i\000n\000g}{}% 19
\BOOKMARK [2][-]{subsection.3.1}{\376\377\000I\000n\000t\000r\000o\000d\000u\000c\000t\000i\000o\000n\000\040\000a\000n\000d\000\040\000T\000h\000e\000o\000r\000e\000t\000i\000c\000a\000l\000\040\000B\000a\000c\000k\000g\000r\000o\000u\000n\000d}{section.3}% 20
\BOOKMARK [2][-]{subsection.3.2}{\376\377\000M\000a\000t\000e\000r\000i\000a\000l\000s\000\040\000a\000n\000d\000\040\000M\000e\000t\000h\000o\000d\000s}{section.3}% 21
\BOOKMARK [3][-]{subsubsection.3.2.1}{\376\377\000L\000a\000n\000g\000u\000a\000g\000e\000s\000\040\000a\000n\000d\000\040\000P\000a\000c\000k\000a\000g\000e\000s}{subsection.3.2}% 22
\BOOKMARK [3][-]{subsubsection.3.2.2}{\376\377\000M\000e\000t\000h\000o\000d\000o\000l\000o\000g\000y}{subsection.3.2}% 23
\BOOKMARK [2][-]{subsection.3.3}{\376\377\000R\000e\000s\000u\000l\000t\000s}{section.3}% 24
\BOOKMARK [2][-]{subsection.3.4}{\376\377\000D\000i\000s\000c\000u\000s\000s\000i\000o\000n}{section.3}% 25
\BOOKMARK [2][-]{subsection.3.5}{\376\377\000F\000i\000g\000u\000r\000e\000s\000\040\000a\000n\000d\000\040\000G\000r\000a\000p\000h\000s}{section.3}% 26
\BOOKMARK [2][-]{subsection.3.6}{\376\377\000A\000p\000p\000e\000n\000d\000i\000x}{section.3}% 27
\BOOKMARK [1][-]{section.4}{\376\377\000T\000a\000s\000k\000\040\0004\000\040\000-\000\040\000P\000e\000r\000i\000o\000d\000i\000c\000\040\000C\000u\000r\000v\000e\000\040\000F\000i\000t\000t\000i\000n\000g}{}% 28
\BOOKMARK [2][-]{subsection.4.1}{\376\377\000I\000n\000t\000r\000o\000d\000u\000c\000t\000i\000o\000n\000\040\000a\000n\000d\000\040\000T\000h\000e\000o\000r\000e\000t\000i\000c\000a\000l\000\040\000B\000a\000c\000k\000g\000r\000o\000u\000n\000d}{section.4}% 29
\BOOKMARK [2][-]{subsection.4.2}{\376\377\000M\000a\000t\000e\000r\000i\000a\000l\000s\000\040\000a\000n\000d\000\040\000M\000e\000t\000h\000o\000d\000s}{section.4}% 30
\BOOKMARK [3][-]{subsubsection.4.2.1}{\376\377\000L\000a\000n\000g\000u\000a\000g\000e\000s\000\040\000a\000n\000d\000\040\000P\000a\000c\000k\000a\000g\000e\000s}{subsection.4.2}% 31
\BOOKMARK [3][-]{subsubsection.4.2.2}{\376\377\000M\000e\000t\000h\000o\000d\000o\000l\000o\000g\000y}{subsection.4.2}% 32
\BOOKMARK [2][-]{subsection.4.3}{\376\377\000R\000e\000s\000u\000l\000t\000s}{section.4}% 33
\BOOKMARK [2][-]{subsection.4.4}{\376\377\000D\000i\000s\000c\000u\000s\000s\000i\000o\000n}{section.4}% 34
\BOOKMARK [2][-]{subsection.4.5}{\376\377\000F\000i\000g\000u\000r\000e\000s\000\040\000a\000n\000d\000\040\000G\000r\000a\000p\000h\000s}{section.4}% 35
\BOOKMARK [2][-]{subsection.4.6}{\376\377\000A\000p\000p\000e\000n\000d\000i\000x}{section.4}% 36
\BOOKMARK [1][-]{section.5}{\376\377\000R\000e\000f\000e\000r\000e\000n\000c\000e\000s}{}% 37
